<?xml version="1.0" encoding="UTF-8"?>
<testsuite name="StockRepositoryTest" tests="1" skipped="0" failures="0" errors="0" timestamp="2024-12-21T15:00:31" hostname="ubuntu" time="0.545">
  <properties/>
  <testcase name="testTrade()" classname="StockRepositoryTest" time="0.545"/>
  <system-out><![CDATA[ Inventory before trade
senderInventory: Inventory@adf3ce38 [inventory_id=sender, organization=sender, stock={product=150}]
receiverInventory: Inventory@23b8bf5c [inventory_id=receiver, organization=receiver, stock={product=50}]
Trading 100 of product from sender to receiver
Inventory: Inventory@adf3ce38 [inventory_id=sender, organization=sender, stock={product=150}]
Stock: {product=150}
Stock after send: {product=50}
Inventory being put: {"inventory_id":"sender","organization":"sender","stock":{"product":50}}
New inventory: Inventory@adf3ce9c [inventory_id=sender, organization=sender, stock={product=50}]
Inventory: Inventory@23b8bf5c [inventory_id=receiver, organization=receiver, stock={product=50}]
Stock: {product=50}
Inventory being put: {"inventory_id":"receiver","organization":"receiver","stock":{"product":150}}
 Inventory after trade
senderInventory: Inventory@adf3ce38 [inventory_id=sender, organization=sender, stock={product=150}]
receiverInventory: Inventory@23b8bf5c [inventory_id=receiver, organization=receiver, stock={product=50}]
]]></system-out>
  <system-err><![CDATA[]]></system-err>
</testsuite>
